l 1691440449 795603832
l 1691440449 986223061
l 1691440450 86265772
l 1691440450 186206845
l 1691440450 286252020
l 1691440450 386254792
l 1691440450 486381251
l 1691440450 586557695
l 1691440450 686553043
l 1691440450 786508614
l 1691440450 886351123
l 1691440450 986169631
l 1691440451 85975882
l 1691440451 185786966
l 1691440451 285658565
l 1691440451 385593334
l 1691440451 485555241
l 1691440451 585609408
l 1691440451 685641846
l 1691440451 785707405
l 1691440451 885739683
l 1691440451 987298270
l 1691440452 85827696
l 1691440452 185971243
l 1691440452 286131302
l 1691440452 386236127
l 1691440452 486289558
l 1691440452 586313292
l 1691440452 686229212
l 1691440452 786096299
l 1691440452 886037052
l 1691440452 986044529
l 1691440453 86052133
l 1691440453 186049561
l 1691440453 286064238
l 1691440453 386098436
l 1691440453 486172731
l 1691440453 586262067
l 1691440453 686281960
l 1691440453 786303485
l 1691440453 886282608
l 1691440453 986211905
l 1691440454 86134449
l 1691440454 185981598
l 1691440454 285859757
l 1691440454 385748316
l 1691440454 485689805
l 1691440454 585619454
l 1691440454 685649779
l 1691440454 785624742
l 1691440454 885731487
l 1691440454 985931484
l 1691440455 86075799
l 1691440455 186225682
l 1691440455 286380045
l 1691440455 386489286
l 1691440455 486518715
l 1691440455 586489262
l 1691440455 686367612
l 1691440455 786339599
l 1691440455 886294529
l 1691440455 986245939
l 1691440456 86285193
l 1691440456 186212857
l 1691440456 286287441
l 1691440456 386495726
l 1691440456 486592455
l 1691440456 586718528
l 1691440456 686724181
l 1691440456 786673414
l 1691440456 886641913
l 1691440456 986520327
l 1691440457 86487098
l 1691440457 186534928
l 1691440457 286652777
l 1691440457 386642044
l 1691440457 486668177
l 1691440457 586770633
l 1691440457 686738139
l 1691440457 786663307
l 1691440457 886562138
l 1691440457 986477706
l 1691440458 86503359
l 1691440458 186539316
l 1691440458 286640396
l 1691440458 386717892
l 1691440458 486840765
l 1691440458 586991511
l 1691440458 687133265
l 1691440458 787264427
l 1691440458 887255646
l 1691440458 987364087
l 1691440459 87158273
l 1691440459 186950027
l 1691440459 286854875
l 1691440459 386743465
l 1691440459 486789791
l 1691440459 586793971
l 1691440459 686896459
l 1691440459 787064518
c1 1691440449 1691440449810466079
c1 1691440449 1691440449986253143
c1 1691440450 1691440450086279244
c1 1691440450 1691440450191542769
c1 1691440450 1691440450286283957
c1 1691440450 1691440450390500842
c1 1691440450 1691440450491371590
c1 1691440450 1691440450591327865
c1 1691440450 1691440450690299326
c1 1691440450 1691440450786530215
c1 1691440450 1691440450886365843
c1 1691440450 1691440450986195264
c1 1691440451 1691440451085992491
c1 1691440451 1691440451185804823
c1 1691440451 1691440451291144255
c1 1691440451 1691440451390399474
c1 1691440451 1691440451485585546
c1 1691440451 1691440451594334894
c1 1691440451 1691440451690065951
c1 1691440451 1691440451785730990
c1 1691440451 1691440451892205802
c1 1691440451 1691440451985735351
c1 1691440452 1691440452085835440
c1 1691440452 1691440452185981291
c1 1691440452 1691440452286142215
c1 1691440452 1691440452386246912
c1 1691440452 1691440452486303607
c1 1691440452 1691440452586324940
c1 1691440452 1691440452686246461
c1 1691440452 1691440452786120492
c1 1691440452 1691440452890197530
c1 1691440452 1691440452989628373
c1 1691440453 1691440453090374923
c1 1691440453 1691440453186063802
c1 1691440453 1691440453289901213
c1 1691440453 1691440453386115396
c1 1691440453 1691440453490397468
c1 1691440453 1691440453591103408
c1 1691440453 1691440453686293449
c1 1691440453 1691440453792006593
c1 1691440453 1691440453886298321
c1 1691440453 1691440453991541204
c1 1691440454 1691440454090958190
c1 1691440454 1691440454191631808
c1 1691440454 1691440454285874766
c1 1691440454 1691440454385764637
c1 1691440454 1691440454491654941
c1 1691440454 1691440454585641183
c1 1691440454 1691440454685659508
c1 1691440454 1691440454785643015
c1 1691440454 1691440454885737279
c1 1691440454 1691440454990255874
c1 1691440455 1691440455089861284
c1 1691440455 1691440455190591481
c1 1691440455 1691440455290216380
c1 1691440455 1691440455394760255
c1 1691440455 1691440455490286823
c1 1691440455 1691440455586508079
c1 1691440455 1691440455686418879
c1 1691440455 1691440455790454987
c1 1691440455 1691440455886326658
c1 1691440455 1691440455994549646
c1 1691440456 1691440456091008832
c1 1691440456 1691440456186230426
c1 1691440456 1691440456286545821
c1 1691440456 1691440456386545521
c1 1691440456 1691440456486617800
c1 1691440456 1691440456586736641
c1 1691440456 1691440456692803914
c1 1691440456 1691440456793018568
c1 1691440456 1691440456892644491
c1 1691440456 1691440456988155410
c1 1691440457 1691440457091044938
c1 1691440457 1691440457188294656
c1 1691440457 1691440457290946764
c1 1691440457 1691440457391335410
c1 1691440457 1691440457486677713
c1 1691440457 1691440457592228034
c1 1691440457 1691440457686761148
c1 1691440457 1691440457788159216
c1 1691440457 1691440457891798153
c1 1691440457 1691440457991378922
c1 1691440458 1691440458086511743
c1 1691440458 1691440458191433876
c1 1691440458 1691440458290576192
c1 1691440458 1691440458387854967
c1 1691440458 1691440458491935301
c1 1691440458 1691440458587496878
c1 1691440458 1691440458693035647
c1 1691440458 1691440458787581434
c1 1691440458 1691440458887256030
c1 1691440458 1691440458992148337
c1 1691440459 1691440459088168943
c1 1691440459 1691440459186979245
c1 1691440459 1691440459294059875
c1 1691440459 1691440459392001657
c1 1691440459 1691440459488629747
c1 1691440459 1691440459590960977
c1 1691440459 1691440459693146248
c1 1691440459 1691440459788254461
c0 1691440449 1691440449795609848
c0 1691440449 1691440449995380695
c0 1691440450 1691440450092025747
c0 1691440450 1691440450186238495
c0 1691440450 1691440450291434464
c0 1691440450 1691440450386279050
c0 1691440450 1691440450486407492
c0 1691440450 1691440450586573344
c0 1691440450 1691440450686571540
c0 1691440450 1691440450795171121
c0 1691440450 1691440450891367000
c0 1691440450 1691440450991217893
c0 1691440451 1691440451090698402
c0 1691440451 1691440451191100937
c0 1691440451 1691440451285683366
c0 1691440451 1691440451385626776
c0 1691440451 1691440451491464567
c0 1691440451 1691440451585631521
c0 1691440451 1691440451685663543
c0 1691440451 1691440451791345390
c0 1691440451 1691440451885759108
c0 1691440451 1691440451990471119
c0 1691440452 1691440452090623563
c0 1691440452 1691440452191796372
c0 1691440452 1691440452291590111
c0 1691440452 1691440452390621448
c0 1691440452 1691440452490128677
c0 1691440452 1691440452591373587
c0 1691440452 1691440452690326455
c0 1691440452 1691440452790980010
c0 1691440452 1691440452886061117
c0 1691440452 1691440452986064466
c0 1691440453 1691440453086066278
c0 1691440453 1691440453190122291
c0 1691440453 1691440453286085263
c0 1691440453 1691440453390279234
c0 1691440453 1691440453486192796
c0 1691440453 1691440453586278836
c0 1691440453 1691440453691209481
c0 1691440453 1691440453786326654
c0 1691440453 1691440453892340005
c0 1691440453 1691440453986225730
c0 1691440454 1691440454086165395
c0 1691440454 1691440454186002463
c0 1691440454 1691440454290750956
c0 1691440454 1691440454390000990
c0 1691440454 1691440454485706126
c0 1691440454 1691440454589993670
c0 1691440454 1691440454690679417
c0 1691440454 1691440454789834598
c0 1691440454 1691440454891897721
c0 1691440454 1691440454985949213
c0 1691440455 1691440455086089367
c0 1691440455 1691440455186244723
c0 1691440455 1691440455286379789
c0 1691440455 1691440455388171635
c0 1691440455 1691440455486529116
c0 1691440455 1691440455591248775
c0 1691440455 1691440455691263292
c0 1691440455 1691440455786360464
c0 1691440455 1691440455891424715
c0 1691440455 1691440455986597443
c0 1691440456 1691440456086285065
c0 1691440456 1691440456190615714
c0 1691440456 1691440456292149532
c0 1691440456 1691440456392387035
c0 1691440456 1691440456495380312
c0 1691440456 1691440456592338369
c0 1691440456 1691440456686909085
c0 1691440456 1691440456786884432
c0 1691440456 1691440456886666458
c0 1691440456 1691440456993236442
c0 1691440457 1691440457086496122
c0 1691440457 1691440457193427050
c0 1691440457 1691440457286696875
c0 1691440457 1691440457386641852
c0 1691440457 1691440457491806299
c0 1691440457 1691440457587721588
c0 1691440457 1691440457692941174
c0 1691440457 1691440457792713471
c0 1691440457 1691440457886572507
c0 1691440457 1691440457986484266
c0 1691440458 1691440458092773085
c0 1691440458 1691440458187315384
c0 1691440458 1691440458286640108
c0 1691440458 1691440458392863516
c0 1691440458 1691440458487733702
c0 1691440458 1691440458592549141
c0 1691440458 1691440458687617768
c0 1691440458 1691440458793220155
c0 1691440458 1691440458892164190
c0 1691440458 1691440458999879826
c0 1691440459 1691440459094320040
c0 1691440459 1691440459193849958
c0 1691440459 1691440459286883452
c0 1691440459 1691440459386751562
c0 1691440459 1691440459497592492
c0 1691440459 1691440459586928729
c0 1691440459 1691440459686903499
c0 1691440459 1691440459793375398
double free or corruption (fasttop)
